<?xml version="1.0" encoding="UTF-8"?>
<!-- Generated by org.testng.reporters.JUnitReportReporter -->
<testsuite hostname="MCKL-7604-T" failures="0" tests="1" name="testSuite.TC_01_Communication_Search" time="44.915" errors="0" timestamp="2023-04-28T12:06:17 IST" skipped="0">
  <testcase classname="testSuite.TC_01_Communication_Search" name="CommunicationSearchTestExecution" time="44.915"/>
  <system-out/>
</testsuite> <!-- testSuite.TC_01_Communication_Search -->
