<?xml version="1.0" encoding="UTF-8"?>
<!-- Generated by org.testng.reporters.JUnitReportReporter -->
<testsuite hostname="MCKL-7604-T" failures="0" tests="1" name="testSuite.loginTest" time="0.699" errors="0" timestamp="2023-04-28T12:06:17 IST" skipped="0">
  <testcase classname="testSuite.loginTest" name="loginTest" time="0.699"/>
  <system-out/>
</testsuite> <!-- testSuite.loginTest -->
